# JRE version: OpenJDK Runtime Environment Temurin-17.0.10+7 (17.0.10+7) (build 17.0.10+7)
# Java VM: OpenJDK 64-Bit Server VM Temurin-17.0.10+7 (17.0.10+7, mixed mode, emulated-client, tiered, compressed oops, compressed class ptrs, g1 gc, windows-amd64)
GC Precious Log:
 CPUs: 16 total, 16 available
 Memory: 7599M
 Large Page Support: Disabled
 NUMA Support: Disabled
 Compressed Oops: Enabled (32-bit)
 Heap Region Size: 1M
 Heap Min Capacity: 8M
 Heap Initial Capacity: 120M
 Heap Max Capacity: 1G
 Pre-touch: Disabled
 Parallel Workers: 13
 Concurrent Workers: 3
 Concurrent Refinement Workers: 13
 Periodic GC: Disabled
Heap:
 garbage-first heap   total 106496K, used 36235K [0x00000000c0000000, 0x0000000100000000)
  region size 1024K, 3 young (3072K), 0 survivors (0K)
 Metaspace       used 58221K, committed 59008K, reserved 1114112K
  class space    used 7226K, committed 7552K, reserved 1048576K
GC Heap History (20 events):
Event: 748.937 GC heap before
{Heap before GC invocations=81 (full 53):
 garbage-first heap   total 106496K, used 34187K [0x00000000c0000000, 0x0000000100000000)
  region size 1024K, 1 young (1024K), 0 survivors (0K)
 Metaspace       used 58221K, committed 59008K, reserved 1114112K
  class space    used 7226K, committed 7552K, reserved 1048576K
}
Event: 748.988 GC heap after
{Heap after GC invocations=82 (full 54):
 garbage-first heap   total 106496K, used 34187K [0x00000000c0000000, 0x0000000100000000)
  region size 1024K, 0 young (0K), 0 survivors (0K)
 Metaspace       used 58221K, committed 59008K, reserved 1114112K
  class space    used 7226K, committed 7552K, reserved 1048576K
}
Event: 759.432 GC heap before
{Heap before GC invocations=82 (full 54):
 garbage-first heap   total 106496K, used 34187K [0x00000000c0000000, 0x0000000100000000)
  region size 1024K, 1 young (1024K), 0 survivors (0K)
 Metaspace       used 58221K, committed 59008K, reserved 1114112K
  class space    used 7226K, committed 7552K, reserved 1048576K
}
Event: 759.476 GC heap after
{Heap after GC invocations=83 (full 55):
 garbage-first heap   total 106496K, used 34187K [0x00000000c0000000, 0x0000000100000000)
  region size 1024K, 0 young (0K), 0 survivors (0K)
 Metaspace       used 58221K, committed 59008K, reserved 1114112K
  class space    used 7226K, committed 7552K, reserved 1048576K
}
Event: 769.966 GC heap before
{Heap before GC invocations=83 (full 55):
 garbage-first heap   total 106496K, used 34187K [0x00000000c0000000, 0x0000000100000000)
  region size 1024K, 1 young (1024K), 0 survivors (0K)
 Metaspace       used 58221K, committed 59008K, reserved 1114112K
  class space    used 7226K, committed 7552K, reserved 1048576K
}
Event: 770.012 GC heap after
{Heap after GC invocations=84 (full 56):
 garbage-first heap   total 106496K, used 34187K [0x00000000c0000000, 0x0000000100000000)
  region size 1024K, 0 young (0K), 0 survivors (0K)
 Metaspace       used 58221K, committed 59008K, reserved 1114112K
  class space    used 7226K, committed 7552K, reserved 1048576K
}
Event: 780.381 GC heap before
{Heap before GC invocations=84 (full 56):
 garbage-first heap   total 106496K, used 34187K [0x00000000c0000000, 0x0000000100000000)
  region size 1024K, 1 young (1024K), 0 survivors (0K)
 Metaspace       used 58221K, committed 59008K, reserved 1114112K
  class space    used 7226K, committed 7552K, reserved 1048576K
}
Event: 780.434 GC heap after
{Heap after GC invocations=85 (full 57):
 garbage-first heap   total 106496K, used 34187K [0x00000000c0000000, 0x0000000100000000)
  region size 1024K, 0 young (0K), 0 survivors (0K)
 Metaspace       used 58221K, committed 59008K, reserved 1114112K
  class space    used 7226K, committed 7552K, reserved 1048576K
}
Event: 790.949 GC heap before
{Heap before GC invocations=85 (full 57):
 garbage-first heap   total 106496K, used 34187K [0x00000000c0000000, 0x0000000100000000)
  region size 1024K, 1 young (1024K), 0 survivors (0K)
 Metaspace       used 58221K, committed 59008K, reserved 1114112K
  class space    used 7226K, committed 7552K, reserved 1048576K
}
Event: 790.994 GC heap after
{Heap after GC invocations=86 (full 58):
 garbage-first heap   total 106496K, used 34187K [0x00000000c0000000, 0x0000000100000000)
  region size 1024K, 0 young (0K), 0 survivors (0K)
 Metaspace       used 58221K, committed 59008K, reserved 1114112K
  class space    used 7226K, committed 7552K, reserved 1048576K
}
Event: 801.352 GC heap before
{Heap before GC invocations=86 (full 58):
 garbage-first heap   total 106496K, used 34187K [0x00000000c0000000, 0x0000000100000000)
  region size 1024K, 1 young (1024K), 0 survivors (0K)
 Metaspace       used 58221K, committed 59008K, reserved 1114112K
  class space    used 7226K, committed 7552K, reserved 1048576K
}
Event: 801.398 GC heap after
{Heap after GC invocations=87 (full 59):
 garbage-first heap   total 106496K, used 34187K [0x00000000c0000000, 0x0000000100000000)
  region size 1024K, 0 young (0K), 0 survivors (0K)
 Metaspace       used 58221K, committed 59008K, reserved 1114112K
  class space    used 7226K, committed 7552K, reserved 1048576K
}
Event: 811.893 GC heap before
{Heap before GC invocations=87 (full 59):
 garbage-first heap   total 106496K, used 34187K [0x00000000c0000000, 0x0000000100000000)
  region size 1024K, 1 young (1024K), 0 survivors (0K)
 Metaspace       used 58221K, committed 59008K, reserved 1114112K
  class space    used 7226K, committed 7552K, reserved 1048576K
}
Event: 811.939 GC heap after
{Heap after GC invocations=88 (full 60):
 garbage-first heap   total 106496K, used 34187K [0x00000000c0000000, 0x0000000100000000)
  region size 1024K, 0 young (0K), 0 survivors (0K)
 Metaspace       used 58221K, committed 59008K, reserved 1114112K
  class space    used 7226K, committed 7552K, reserved 1048576K
}
Event: 822.305 GC heap before
{Heap before GC invocations=88 (full 60):
 garbage-first heap   total 106496K, used 34187K [0x00000000c0000000, 0x0000000100000000)
  region size 1024K, 1 young (1024K), 0 survivors (0K)
 Metaspace       used 58221K, committed 59008K, reserved 1114112K
  class space    used 7226K, committed 7552K, reserved 1048576K
}
Event: 822.350 GC heap after
{Heap after GC invocations=89 (full 61):
 garbage-first heap   total 106496K, used 34187K [0x00000000c0000000, 0x0000000100000000)
  region size 1024K, 0 young (0K), 0 survivors (0K)
 Metaspace       used 58221K, committed 59008K, reserved 1114112K
  class space    used 7226K, committed 7552K, reserved 1048576K
}
Event: 832.768 GC heap before
{Heap before GC invocations=89 (full 61):
 garbage-first heap   total 106496K, used 34187K [0x00000000c0000000, 0x0000000100000000)
  region size 1024K, 1 young (1024K), 0 survivors (0K)
 Metaspace       used 58221K, committed 59008K, reserved 1114112K
  class space    used 7226K, committed 7552K, reserved 1048576K
}
Event: 832.823 GC heap after
{Heap after GC invocations=90 (full 62):
 garbage-first heap   total 106496K, used 34187K [0x00000000c0000000, 0x0000000100000000)
  region size 1024K, 0 young (0K), 0 survivors (0K)
 Metaspace       used 58221K, committed 59008K, reserved 1114112K
  class space    used 7226K, committed 7552K, reserved 1048576K
}
Event: 843.284 GC heap before
{Heap before GC invocations=90 (full 62):
 garbage-first heap   total 106496K, used 34187K [0x00000000c0000000, 0x0000000100000000)
  region size 1024K, 1 young (1024K), 0 survivors (0K)
 Metaspace       used 58221K, committed 59008K, reserved 1114112K
  class space    used 7226K, committed 7552K, reserved 1048576K
}
Event: 843.335 GC heap after
{Heap after GC invocations=91 (full 63):
 garbage-first heap   total 106496K, used 34187K [0x00000000c0000000, 0x0000000100000000)
  region size 1024K, 0 young (0K), 0 survivors (0K)
 Metaspace       used 58221K, committed 59008K, reserved 1114112K
  class space    used 7226K, committed 7552K, reserved 1048576K
}

